number,value,datetime_start,datetime_complete,duration,params_colsample_bytree,params_learning_rate,params_min_child_samples,params_n_estimators,params_num_leaves,params_reg_lambda,system_attrs_tpe:relative_params:0,state
62,0.315878516190095,2026-10-07 08:37:15.821497,2026-10-07 08:45:44.935681,0 days 00:08:29.114184,0.5124981455115861,0.010458647028640352,50,835,181,0.02854248781781253,"{""colsample_bytree"": 0.5124981455115861, ""learning_rate"": 0.010458647028640352, ""min_child_samples"": 50, ""n_estimators"": 835, ""num_leaves"": 181, ""reg_lambda"": 0.02854248781781253}",COMPLETE
63,0.31596327638319943,2026-10-07 08:45:44.948841,2026-10-07 08:53:39.032934,0 days 00:07:54.084093,0.5106196966035687,0.01128027670136551,20,774,187,0.0435173073317514,"{""colsample_bytree"": 0.5106196966035687, ""learning_rate"": 0.01128027670136551, ""min_child_samples"": 20, ""n_estimators"": 774, ""num_leaves"": 187, ""reg_lambda"": 0.0435173073317514}",COMPLETE
64,0.31600201003734607,2026-10-07 08:53:39.048792,2026-10-07 09:02:56.137067,0 days 00:09:17.088275,0.5462515830977469,0.012402319037481227,50,886,239,0.0042970577692969195,"{""colsample_bytree"": 0.5462515830977469, ""learning_rate"": 0.012402319037481227, ""min_child_samples"": 50, ""n_estimators"": 886, ""num_leaves"": 239, ""reg_lambda"": 0.0042970577692969195}",COMPLETE
65,0.31603131338187784,2026-10-07 09:02:56.161421,2026-10-07 09:11:56.024013,0 days 00:08:59.862592,0.5260937369605447,0.010764715657182195,36,944,164,0.0021518301461474444,"{""colsample_bytree"": 0.5260937369605447, ""learning_rate"": 0.010764715657182195, ""min_child_samples"": 36, ""n_estimators"": 944, ""num_leaves"": 164, ""reg_lambda"": 0.0021518301461474444}",COMPLETE
66,0.31589768360133186,2026-10-07 09:11:56.037365,2026-10-07 09:19:49.566120,0 days 00:07:53.528755,0.5353316660268015,0.010983672019948806,28,819,148,0.03631968087110755,"{""colsample_bytree"": 0.5353316660268015, ""learning_rate"": 0.010983672019948806, ""min_child_samples"": 28, ""n_estimators"": 819, ""num_leaves"": 148, ""reg_lambda"": 0.03631968087110755}",COMPLETE
67,0.3160268528610367,2026-10-07 09:19:49.582618,2026-10-07 09:28:50.005484,0 days 00:09:00.422866,0.5633377890189613,0.012081844416357502,21,990,160,0.003293704385757353,"{""colsample_bytree"": 0.5633377890189613, ""learning_rate"": 0.012081844416357502, ""min_child_samples"": 21, ""n_estimators"": 990, ""num_leaves"": 160, ""reg_lambda"": 0.003293704385757353}",COMPLETE
68,0.3157037650584592,2026-10-07 09:28:50.026873,2026-10-07 09:37:55.810386,0 days 00:09:05.783513,0.5563048361161806,0.014331225977547333,46,901,234,0.059987852354395535,"{""colsample_bytree"": 0.5563048361161806, ""learning_rate"": 0.014331225977547333, ""min_child_samples"": 46, ""n_estimators"": 901, ""num_leaves"": 234, ""reg_lambda"": 0.059987852354395535}",COMPLETE
69,0.3160182947749518,2026-10-07 09:37:55.827833,2026-10-07 09:46:38.920391,0 days 00:08:43.092558,0.5682767615052016,0.012166292552471298,30,959,151,0.011189195489520735,"{""colsample_bytree"": 0.5682767615052016, ""learning_rate"": 0.012166292552471298, ""min_child_samples"": 30, ""n_estimators"": 959, ""num_leaves"": 151, ""reg_lambda"": 0.011189195489520735}",COMPLETE
70,0.31545212990501925,2026-10-07 09:46:38.942537,2026-10-07 09:55:27.234633,0 days 00:08:48.292096,0.5227269242422119,0.01536882901506262,42,949,224,0.011490282407831506,"{""colsample_bytree"": 0.5227269242422119, ""learning_rate"": 0.01536882901506262, ""min_child_samples"": 42, ""n_estimators"": 949, ""num_leaves"": 224, ""reg_lambda"": 0.011490282407831506}",COMPLETE
71,0.3159400191802578,2026-10-07 09:55:27.251350,2026-10-07 10:04:33.606181,0 days 00:09:06.354831,0.5525046792705314,0.01109449994280763,32,808,235,0.005017687219821279,"{""colsample_bytree"": 0.5525046792705314, ""learning_rate"": 0.01109449994280763, ""min_child_samples"": 32, ""n_estimators"": 808, ""num_leaves"": 235, ""reg_lambda"": 0.005017687219821279}",COMPLETE
72,0.3158986015744104,2026-10-07 10:04:33.622505,2026-10-07 10:12:44.397175,0 days 00:08:10.774670,0.5818893415671025,0.011271067996504913,21,814,157,0.010709349639250186,"{""colsample_bytree"": 0.5818893415671025, ""learning_rate"": 0.011271067996504913, ""min_child_samples"": 21, ""n_estimators"": 814, ""num_leaves"": 157, ""reg_lambda"": 0.010709349639250186}",COMPLETE
73,0.31587800377843156,2026-10-07 10:12:44.410963,2026-10-07 10:20:38.278811,0 days 00:07:53.867848,0.5132711318219749,0.012260312052047365,38,816,179,0.0061219216435289305,"{""colsample_bytree"": 0.5132711318219749, ""learning_rate"": 0.012260312052047365, ""min_child_samples"": 38, ""n_estimators"": 816, ""num_leaves"": 179, ""reg_lambda"": 0.0061219216435289305}",COMPLETE
74,0.3159885175081425,2026-10-07 10:20:38.297598,2026-10-07 10:30:15.422744,0 days 00:09:37.125146,0.551309827593602,0.01037034616536492,30,899,211,0.014190136636823962,"{""colsample_bytree"": 0.551309827593602, ""learning_rate"": 0.01037034616536492, ""min_child_samples"": 30, ""n_estimators"": 899, ""num_leaves"": 211, ""reg_lambda"": 0.014190136636823962}",COMPLETE
75,0.31568942589764504,2026-10-07 10:30:15.447631,2026-10-07 10:38:43.776716,0 days 00:08:28.329085,0.5354602420652453,0.013509434384038196,45,850,214,0.0016550942516981896,"{""colsample_bytree"": 0.5354602420652453, ""learning_rate"": 0.013509434384038196, ""min_child_samples"": 45, ""n_estimators"": 850, ""num_leaves"": 214, ""reg_lambda"": 0.0016550942516981896}",COMPLETE
76,0.31588057817063764,2026-10-07 10:38:43.799775,2026-10-07 10:46:05.739173,0 days 00:07:21.939398,0.5459203244940568,0.011663612640002851,32,678,198,0.007384783052234905,"{""colsample_bytree"": 0.5459203244940568, ""learning_rate"": 0.011663612640002851, ""min_child_samples"": 32, ""n_estimators"": 678, ""num_leaves"": 198, ""reg_lambda"": 0.007384783052234905}",COMPLETE
77,0.3159337038446214,2026-10-07 10:46:05.754999,2026-10-07 10:54:52.259293,0 days 00:08:46.504294,0.5358211870947392,0.010194663400821138,20,848,184,0.0020454359415847173,"{""colsample_bytree"": 0.5358211870947392, ""learning_rate"": 0.010194663400821138, ""min_child_samples"": 20, ""n_estimators"": 848, ""num_leaves"": 184, ""reg_lambda"": 0.0020454359415847173}",COMPLETE
78,0.31605747778359905,2026-10-07 10:54:52.274033,2026-10-07 11:02:38.047500,0 days 00:07:45.773467,0.502224956320009,0.01256264365631229,27,850,155,0.01494109421823326,"{""colsample_bytree"": 0.502224956320009, ""learning_rate"": 0.01256264365631229, ""min_child_samples"": 27, ""n_estimators"": 850, ""num_leaves"": 155, ""reg_lambda"": 0.01494109421823326}",COMPLETE
79,0.3157187320158118,2026-10-07 11:02:38.063278,2026-10-07 11:10:18.200514,0 days 00:07:40.137236,0.519233851387382,0.010062515935708524,25,801,139,0.004756440338544205,"{""colsample_bytree"": 0.519233851387382, ""learning_rate"": 0.010062515935708524, ""min_child_samples"": 25, ""n_estimators"": 801, ""num_leaves"": 139, ""reg_lambda"": 0.004756440338544205}",COMPLETE
80,0.3157449214277881,2026-10-07 11:10:18.218645,2026-10-07 11:20:16.144947,0 days 00:09:57.926302,0.5563967437143995,0.010765689038404294,36,962,212,0.00196573647160301,"{""colsample_bytree"": 0.5563967437143995, ""learning_rate"": 0.010765689038404294, ""min_child_samples"": 36, ""n_estimators"": 962, ""num_leaves"": 212, ""reg_lambda"": 0.00196573647160301}",COMPLETE
81,0.31590403258796096,2026-10-07 11:20:16.172339,2026-10-07 11:29:04.378958,0 days 00:08:48.206619,0.5124395284225649,0.01078832638601164,25,873,193,0.0040464242990467855,"{""colsample_bytree"": 0.5124395284225649, ""learning_rate"": 0.01078832638601164, ""min_child_samples"": 25, ""n_estimators"": 873, ""num_leaves"": 193, ""reg_lambda"": 0.0040464242990467855}",COMPLETE
82,0.31608906526095004,2026-10-07 11:29:04.395828,2026-10-07 11:37:26.523920,0 days 00:08:22.128092,0.5209740686603545,0.010579605731350045,20,946,132,0.002429336089311175,"{""colsample_bytree"": 0.5209740686603545, ""learning_rate"": 0.010579605731350045, ""min_child_samples"": 20, ""n_estimators"": 946, ""num_leaves"": 132, ""reg_lambda"": 0.002429336089311175}",COMPLETE
83,0.31577367294692915,2026-10-07 11:37:26.556023,2026-10-07 11:44:58.444390,0 days 00:07:31.888367,0.5023798996952663,0.01116740040540119,32,768,157,0.011778405718398773,"{""colsample_bytree"": 0.5023798996952663, ""learning_rate"": 0.01116740040540119, ""min_child_samples"": 32, ""n_estimators"": 768, ""num_leaves"": 157, ""reg_lambda"": 0.011778405718398773}",COMPLETE
84,0.31571142611989167,2026-10-07 11:44:58.467729,2026-10-07 11:52:31.258892,0 days 00:07:32.791163,0.5296453233403926,0.013151553420020813,20,707,217,0.00809340616158795,"{""colsample_bytree"": 0.5296453233403926, ""learning_rate"": 0.013151553420020813, ""min_child_samples"": 20, ""n_estimators"": 707, ""num_leaves"": 217, ""reg_lambda"": 0.00809340616158795}",COMPLETE
85,0.3158081066462053,2026-10-07 11:52:31.276142,2026-10-07 12:01:11.486909,0 days 00:08:40.210767,0.5024492903031633,0.010977982594309875,23,915,168,0.001437638785578263,"{""colsample_bytree"": 0.5024492903031633, ""learning_rate"": 0.010977982594309875, ""min_child_samples"": 23, ""n_estimators"": 915, ""num_leaves"": 168, ""reg_lambda"": 0.001437638785578263}",COMPLETE
86,0.3156702681105824,2026-10-07 12:01:11.513684,2026-10-07 12:09:23.698719,0 days 00:08:12.185035,0.5283513630018507,0.013174808786028301,46,967,138,0.009275789599769355,"{""colsample_bytree"": 0.5283513630018507, ""learning_rate"": 0.013174808786028301, ""min_child_samples"": 46, ""n_estimators"": 967, ""num_leaves"": 138, ""reg_lambda"": 0.009275789599769355}",COMPLETE
87,0.31566477984302077,2026-10-07 12:09:23.721600,2026-10-07 12:19:00.856892,0 days 00:09:37.135292,0.5335899965200269,0.012645048861188312,34,983,220,0.017203713775912094,"{""colsample_bytree"": 0.5335899965200269, ""learning_rate"": 0.012645048861188312, ""min_child_samples"": 34, ""n_estimators"": 983, ""num_leaves"": 220, ""reg_lambda"": 0.017203713775912094}",COMPLETE
88,0.31579452095685956,2026-10-07 12:19:00.876328,2026-10-07 12:28:14.087833,0 days 00:09:13.211505,0.505775808241927,0.011059691764250425,32,854,238,0.009150423940697042,"{""colsample_bytree"": 0.505775808241927, ""learning_rate"": 0.011059691764250425, ""min_child_samples"": 32, ""n_estimators"": 854, ""num_leaves"": 238, ""reg_lambda"": 0.009150423940697042}",COMPLETE
89,0.31597947951979444,2026-10-07 12:28:14.107471,2026-10-07 12:37:11.306410,0 days 00:08:57.198939,0.5522908512653442,0.010712236214783368,20,843,197,0.007233021202341219,"{""colsample_bytree"": 0.5522908512653442, ""learning_rate"": 0.010712236214783368, ""min_child_samples"": 20, ""n_estimators"": 843, ""num_leaves"": 197, ""reg_lambda"": 0.007233021202341219}",COMPLETE
90,0.3160580058091489,2026-10-07 12:37:11.324160,2026-10-07 12:45:42.339830,0 days 00:08:31.015670,0.5279245443984046,0.010737902069720433,42,812,190,0.0018940664724948295,"{""colsample_bytree"": 0.5279245443984046, ""learning_rate"": 0.010737902069720433, ""min_child_samples"": 42, ""n_estimators"": 812, ""num_leaves"": 190, ""reg_lambda"": 0.0018940664724948295}",COMPLETE
91,0.3159262213659373,2026-10-07 12:45:42.356286,2026-10-07 12:53:04.814342,0 days 00:07:22.458056,0.5491069266836553,0.011686344112254322,37,760,148,0.004287301672047246,"{""colsample_bytree"": 0.5491069266836553, ""learning_rate"": 0.011686344112254322, ""min_child_samples"": 37, ""n_estimators"": 760, ""num_leaves"": 148, ""reg_lambda"": 0.004287301672047246}",COMPLETE
92,0.3157182379040915,2026-10-07 12:53:04.840679,2026-10-07 13:02:10.926887,0 days 00:09:06.086208,0.5368733630114348,0.012518501469655227,30,919,208,0.006599967596304314,"{""colsample_bytree"": 0.5368733630114348, ""learning_rate"": 0.012518501469655227, ""min_child_samples"": 30, ""n_estimators"": 919, ""num_leaves"": 208, ""reg_lambda"": 0.006599967596304314}",COMPLETE
93,0.31579172231259933,2026-10-07 13:02:10.957020,2026-10-07 13:10:07.050033,0 days 00:07:56.093013,0.5056021964382312,0.015692525506950817,29,983,150,0.004668150014649153,"{""colsample_bytree"": 0.5056021964382312, ""learning_rate"": 0.015692525506950817, ""min_child_samples"": 29, ""n_estimators"": 983, ""num_leaves"": 150, ""reg_lambda"": 0.004668150014649153}",COMPLETE
94,0.31598590068022236,2026-10-07 13:10:07.079132,2026-10-07 13:18:37.926590,0 days 00:08:30.847458,0.5460573173411263,0.011823107542382229,26,759,244,0.0017674164138914877,"{""colsample_bytree"": 0.5460573173411263, ""learning_rate"": 0.011823107542382229, ""min_child_samples"": 26, ""n_estimators"": 759, ""num_leaves"": 244, ""reg_lambda"": 0.0017674164138914877}",COMPLETE
95,0.3161277844086178,2026-10-07 13:18:37.944665,2026-10-07 13:26:45.571491,0 days 00:08:07.626826,0.5073708722137007,0.011732148300906063,22,836,177,0.00860611928218226,"{""colsample_bytree"": 0.5073708722137007, ""learning_rate"": 0.011732148300906063, ""min_child_samples"": 22, ""n_estimators"": 836, ""num_leaves"": 177, ""reg_lambda"": 0.00860611928218226}",COMPLETE
96,0.31600056400290244,2026-10-07 13:26:45.589406,2026-10-07 13:35:05.106882,0 days 00:08:19.517476,0.5222678516355488,0.011968833002606896,24,788,221,0.016729273846323563,"{""colsample_bytree"": 0.5222678516355488, ""learning_rate"": 0.011968833002606896, ""min_child_samples"": 24, ""n_estimators"": 788, ""num_leaves"": 221, ""reg_lambda"": 0.016729273846323563}",COMPLETE
97,0.3158810481322747,2026-10-07 13:35:05.141632,2026-10-07 13:43:11.276202,0 days 00:08:06.134570,0.5247468017814613,0.011375373808884336,25,871,152,0.00835008767287255,"{""colsample_bytree"": 0.5247468017814613, ""learning_rate"": 0.011375373808884336, ""min_child_samples"": 25, ""n_estimators"": 871, ""num_leaves"": 152, ""reg_lambda"": 0.00835008767287255}",COMPLETE
98,0.31571181661676007,2026-10-07 13:43:11.300383,2026-10-07 13:52:04.445372,0 days 00:08:53.144989,0.5438285481764757,0.014599757444247536,28,953,211,0.003124484774793444,"{""colsample_bytree"": 0.5438285481764757, ""learning_rate"": 0.014599757444247536, ""min_child_samples"": 28, ""n_estimators"": 953, ""num_leaves"": 211, ""reg_lambda"": 0.003124484774793444}",COMPLETE
99,0.3157959521509469,2026-10-07 13:52:04.466740,2026-10-07 14:02:03.864939,0 days 00:09:59.398199,0.5526677348689264,0.010287640990989283,25,982,193,0.004335469167619867,"{""colsample_bytree"": 0.5526677348689264, ""learning_rate"": 0.010287640990989283, ""min_child_samples"": 25, ""n_estimators"": 982, ""num_leaves"": 193, ""reg_lambda"": 0.004335469167619867}",COMPLETE
